<?xml version="1.0" encoding="UTF-8"?>
<!-- Generated by org.testng.reporters.JUnitReportReporter -->
<testsuite skipped="0" hostname="DESKTOP-GFU6O22" name="com.hirepp.sel.tests.RegistrationTests" tests="1" failures="0" timestamp="20 Sep 2022 12:05:10 GMT" time="21.232" errors="0">
  <testcase name="registrationTest" time="21.232" classname="com.hirepp.sel.tests.RegistrationTests"/>
</testsuite> <!-- com.hirepp.sel.tests.RegistrationTests -->
