<?xml version="1.0" encoding="UTF-8"?>
<!-- Generated by org.testng.reporters.JUnitReportReporter -->
<testsuite skipped="0" hostname="DESKTOP-GFU6O22" name="com.hirepp.sel.tests.RegistrationTests" tests="2" failures="0" timestamp="06 Oct 2022 08:52:09 GMT" time="156.419" errors="0">
  <testcase name="registrationTest" time="83.119" classname="com.hirepp.sel.tests.RegistrationTests"/>
  <testcase name="addJdManualFillFormTest" time="73.300" classname="com.hirepp.sel.tests.RegistrationTests"/>
</testsuite> <!-- com.hirepp.sel.tests.RegistrationTests -->
