<?xml version="1.0" encoding="UTF-8"?>
<!-- Generated by org.testng.reporters.JUnitReportReporter -->
<testsuite skipped="0" hostname="DESKTOP-GFU6O22" name="com.hirepp.sel.tests.AddCandidateTest" tests="1" failures="0" timestamp="07 Oct 2022 07:00:40 GMT" time="32.295" errors="0">
  <testcase name="addingCandidate" time="32.295" classname="com.hirepp.sel.tests.AddCandidateTest"/>
</testsuite> <!-- com.hirepp.sel.tests.AddCandidateTest -->
