<?xml version="1.0" encoding="UTF-8"?>
<!-- Generated by org.testng.reporters.JUnitReportReporter -->
<testsuite skipped="0" hostname="DESKTOP-GFU6O22" name="BridgenTech.sample1.TC_01" tests="1" failures="0" timestamp="19 Sep 2022 06:21:33 GMT" time="16.561" errors="0">
  <testcase name="registrationTest" time="16.561" classname="BridgenTech.sample1.TC_01"/>
</testsuite> <!-- BridgenTech.sample1.TC_01 -->
