<?xml version="1.0" encoding="UTF-8"?>
<!-- Generated by org.testng.reporters.JUnitReportReporter -->
<testsuite skipped="0" hostname="DESKTOP-GFU6O22" name="com.hirepp.sel.tests.LoginTests" tests="1" failures="0" timestamp="20 Sep 2022 05:35:33 GMT" time="11.491" errors="0">
  <testcase name="LoginTest" time="11.491" classname="com.hirepp.sel.tests.LoginTests"/>
</testsuite> <!-- com.hirepp.sel.tests.LoginTests -->
