<?xml version="1.0" encoding="UTF-8"?>
<!-- Generated by org.testng.reporters.JUnitReportReporter -->
<testsuite skipped="0" hostname="DESKTOP-GFU6O22" name="com.hirepp.sel.tests.LoginTests" tests="1" failures="0" timestamp="21 Sep 2022 09:06:24 GMT" time="11.137" errors="0">
  <testcase name="Recruiter_loginTest" time="11.137" classname="com.hirepp.sel.tests.LoginTests"/>
</testsuite> <!-- com.hirepp.sel.tests.LoginTests -->
