<?xml version="1.0" encoding="UTF-8"?>
<!-- Generated by org.testng.reporters.JUnitReportReporter -->
<testsuite skipped="0" hostname="DESKTOP-GFU6O22" name="com.hirepp.sel.tests.LoginTests" tests="1" failures="0" timestamp="28 Sep 2022 10:45:52 GMT" time="14.944" errors="0">
  <testcase name="Recruiter_loginTest" time="14.944" classname="com.hirepp.sel.tests.LoginTests"/>
</testsuite> <!-- com.hirepp.sel.tests.LoginTests -->
